<?xml version="1.0" encoding="UTF-8"?>
<!-- Generated by org.testng.reporters.JUnitXMLReporter -->
<testsuite ignored="2" hostname="Sarika" failures="0" tests="1" name="Default test" time="6.756" errors="0" timestamp="2023-06-02T03:21:14 IST">
  <testcase classname="com.testNG.GoogleTest" name="searchText" time="3.166"/>
  <testcase classname="com.testNG.GoogleTest" name="logoTest" time="0.0">
    <ignored/>
  </testcase> <!-- logoTest -->
  <testcase classname="com.testNG.GoogleTest" name="titleTest" time="0.0">
    <ignored/>
  </testcase> <!-- titleTest -->
</testsuite> <!-- Default test -->
