<?xml version="1.0" encoding="UTF-8"?>
<testng-results ignored="2" total="3" passed="1" failed="0" skipped="0">
  <reporter-output>
  </reporter-output>
  <suite started-at="2023-06-02T03:21:07 IST" name="Default suite" finished-at="2023-06-02T03:21:14 IST" duration-ms="6756">
    <groups>
    </groups>
    <test started-at="2023-06-02T03:21:07 IST" name="Default test" finished-at="2023-06-02T03:21:14 IST" duration-ms="6756">
      <class name="com.testNG.GoogleTest">
        <test-method is-config="true" signature="setUp()[pri:0, instance:com.testNG.GoogleTest@20d525]" started-at="2023-06-02T03:21:08 IST" name="setUp" finished-at="2023-06-02T03:21:11 IST" duration-ms="3298" status="PASS">
          <reporter-output>
          </reporter-output>
        </test-method> <!-- setUp -->
        <test-method signature="searchText()[pri:0, instance:com.testNG.GoogleTest@20d525]" started-at="2023-06-02T03:21:11 IST" name="searchText" finished-at="2023-06-02T03:21:14 IST" duration-ms="3166" status="PASS">
          <reporter-output>
          </reporter-output>
        </test-method> <!-- searchText -->
        <test-method is-config="true" signature="closeTab()[pri:0, instance:com.testNG.GoogleTest@20d525]" started-at="2023-06-02T03:21:14 IST" name="closeTab" finished-at="2023-06-02T03:21:14 IST" duration-ms="250" status="PASS">
          <reporter-output>
          </reporter-output>
        </test-method> <!-- closeTab -->
      </class> <!-- com.testNG.GoogleTest -->
    </test> <!-- Default test -->
  </suite> <!-- Default suite -->
</testng-results>
